{"C:\\Users\\Chris\\1_welcome\\test\\fizzbuzz.js": {"path":"C:\\Users\\Chris\\1_welcome\\test\\fizzbuzz.js","statementMap":{"0":{"start":{"line":2,"column":2},"end":{"line":8,"column":20}},"1":{"start":{"line":3,"column":4},"end":{"line":3,"column":22}},"2":{"start":{"line":4,"column":9},"end":{"line":8,"column":20}},"3":{"start":{"line":5,"column":4},"end":{"line":5,"column":18}},"4":{"start":{"line":6,"column":9},"end":{"line":8,"column":20}},"5":{"start":{"line":7,"column":4},"end":{"line":7,"column":18}},"6":{"start":{"line":8,"column":9},"end":{"line":8,"column":20}},"7":{"start":{"line":11,"column":0},"end":{"line":13,"column":2}}},"fnMap":{"0":{"name":"fizzbuzz","decl":{"start":{"line":1,"column":9},"end":{"line":1,"column":17}},"loc":{"start":{"line":1,"column":23},"end":{"line":9,"column":1}},"line":1}},"branchMap":{"0":{"loc":{"start":{"line":2,"column":2},"end":{"line":8,"column":20}},"type":"if","locations":[{"start":{"line":2,"column":2},"end":{"line":8,"column":20}},{"start":{"line":2,"column":2},"end":{"line":8,"column":20}}],"line":2},"1":{"loc":{"start":{"line":2,"column":6},"end":{"line":2,"column":36}},"type":"binary-expr","locations":[{"start":{"line":2,"column":6},"end":{"line":2,"column":19}},{"start":{"line":2,"column":23},"end":{"line":2,"column":36}}],"line":2},"2":{"loc":{"start":{"line":4,"column":9},"end":{"line":8,"column":20}},"type":"if","locations":[{"start":{"line":4,"column":9},"end":{"line":8,"column":20}},{"start":{"line":4,"column":9},"end":{"line":8,"column":20}}],"line":4},"3":{"loc":{"start":{"line":6,"column":9},"end":{"line":8,"column":20}},"type":"if","locations":[{"start":{"line":6,"column":9},"end":{"line":8,"column":20}},{"start":{"line":6,"column":9},"end":{"line":8,"column":20}}],"line":6}},"s":{"0":5,"1":1,"2":4,"3":1,"4":3,"5":1,"6":2,"7":1},"f":{"0":5},"b":{"0":[1,4],"1":[5,2],"2":[1,3],"3":[1,2]},"_coverageSchema":"1a1c01bbd47fc00a2c39e90264f33305004495a9","hash":"b8e09acf867d2186c6c4544cd61817c1a9baf8d2"}
}
